<?xml version="1.0" encoding="UTF-8"?>
<!-- Generated by org.testng.reporters.JUnitXMLReporter -->
<testsuite ignored="0" hostname="DESKTOP-18CLBOL" failures="2" tests="6" name="Test" time="0.11" errors="0" timestamp="2022-11-28T15:41:03 IST">
  <testcase classname="Listeners.Testing1" name="myTest2" time="0.013">
    <failure type="java.lang.AssertionError" message="null">
      <![CDATA[java.lang.AssertionError: null
at Listeners.Testing1.myTest2(Testing1.java:20)
at java.base/java.util.ArrayList.forEach(ArrayList.java:1541)
... Removed 29 stack frames]]>
    </failure>
  </testcase> <!-- myTest2 -->
  <testcase classname="Listeners.Testing1" name="myTest1" time="0.001"/>
  <testcase classname="Listeners.Testing1" name="myTest3" time="0.0">
    <skipped/>
  </testcase> <!-- myTest3 -->
  <testcase classname="Listeners.Testing2" name="myTest4" time="0.002"/>
  <testcase classname="Listeners.Testing2" name="myTest5" time="0.001">
    <failure type="java.lang.AssertionError" message="null">
      <![CDATA[java.lang.AssertionError: null
at Listeners.Testing2.myTest5(Testing2.java:18)
at java.base/java.util.ArrayList.forEach(ArrayList.java:1541)
... Removed 29 stack frames]]>
    </failure>
  </testcase> <!-- myTest5 -->
  <testcase classname="Listeners.Testing2" name="myTest6" time="0.0">
    <skipped/>
  </testcase> <!-- myTest6 -->
</testsuite> <!-- Test -->
